<!DOCTYPE html PUBLIC "-//W3C//DTD XHTML 1.1//EN" "http://www.w3.org/TR/xhtml11/DTD/xhtml11.dtd">
<html xmlns="http://www.w3.org/1999/xhtml">
<head>
<meta http-equiv="content-type" content="text/html; charset=UTF-8"/>
<title>TestNG Report</title>
<style type="text/css">table {margin-bottom:10px;border-collapse:collapse;empty-cells:show}th,td {border:1px solid #009;padding:.25em .5em}th {vertical-align:bottom}td {vertical-align:top}table a {font-weight:bold}.stripe td {background-color: #E6EBF9}.num {text-align:right}.passedodd td {background-color: #3F3}.passedeven td {background-color: #0A0}.skippedodd td {background-color: #DDD}.skippedeven td {background-color: #CCC}.failedodd td,.attn {background-color: #F33}.failedeven td,.stripe .attn {background-color: #D00}.stacktrace {white-space:pre;font-family:monospace}.totop {font-size:85%;text-align:center;border-bottom:2px solid #000}.invisible {display:none}</style>
</head>
<body>
<table>
<tr><th>Test</th><th># Passed</th><th># Skipped</th><th># Retried</th><th># Failed</th><th>Time (ms)</th><th>Included Groups</th><th>Excluded Groups</th></tr>
<tr><th colspan="7">Suite</th></tr>
<tr><td><a href="#t0">Login Test</a></td><td class="num">0</td><td class="num">0</td><td class="num">0</td><td class="num attn">1</td><td class="num">15,341</td><td></td><td></td></tr>
<tr class="stripe"><td><a href="#t1">Create Lead Test</a></td><td class="num">0</td><td class="num attn">1</td><td class="num">0</td><td class="num attn">1</td><td class="num">26,660</td><td></td><td></td></tr>
<tr><td><a href="#t2">Delete Lead Test</a></td><td class="num">0</td><td class="num">0</td><td class="num">0</td><td class="num attn">1</td><td class="num">37,866</td><td></td><td></td></tr>
<tr><th>Total</th><th class="num">0</th><th class="num attn">1</th><th class="num">0</th><th class="num attn">3</th><th class="num">79,867</th><th colspan="2"></th></tr>
</table>
<table id='summary'><thead><tr><th>Class</th><th>Method</th><th>Start</th><th>Time (ms)</th></tr></thead><tbody><tr><th colspan="4">Suite</th></tr></tbody><tbody id="t0"><tr><th colspan="4">Login Test &#8212; failed</th></tr><tr class="failedeven"><td rowspan="1">testcases.LoginTest</td><td><a href="#m0">doLogin</a></td><td rowspan="1">1666144251402</td><td rowspan="1">14063</td></tr></tbody>
<tbody id="t1"><tr><th colspan="4">Create Lead Test &#8212; failed</th></tr><tr class="failedeven"><td rowspan="1">testcases.CreateLeadTest</td><td><a href="#m1">createLeadTest</a></td><td rowspan="1">1666144266412</td><td rowspan="1">26592</td></tr><tr><th colspan="4">Create Lead Test &#8212; skipped</th></tr><tr class="skippedeven"><td rowspan="1">testcases.CreateLeadTest</td><td><a href="#m2">createLeadTest</a></td><td rowspan="1">1666144293049</td><td rowspan="1">1</td></tr></tbody>
<tbody id="t2"><tr><th colspan="4">Delete Lead Test &#8212; failed</th></tr><tr class="failedeven"><td rowspan="1">testcases.DeleteLeadTest</td><td><a href="#m3">deleteLeadTest</a></td><td rowspan="1">1666144293100</td><td rowspan="1">37789</td></tr></tbody>
</table>
<h2>Login Test</h2><h3 id="m0">testcases.LoginTest#doLogin</h3><table class="result"><tr class="param"><th>Parameter #1</th></tr><tr class="param stripe"><td>{&quot;runmode&quot;:&quot;Y&quot;,&quot;password&quot;:&quot;will&quot;,&quot;username&quot;:&quot;will&quot;}</td></tr><tr><th>Exception</th></tr><tr><td><div class="stacktrace">java.lang.AssertionError: The following asserts failed:
	User could not login
	at keywords.GenericKeywords.assertAll(GenericKeywords.java:152)
	at keywords.GenericKeywords.fail(GenericKeywords.java:143)
	at testcases.LoginTest.doLogin(LoginTest.java:46)
	at java.util.ArrayList.forEach(ArrayList.java:1259)
... Removed 33 stack frames</div></td></tr></table><p class="totop"><a href="#summary">back to summary</a></p>
<h2>Create Lead Test</h2><h3 id="m1">testcases.CreateLeadTest#createLeadTest</h3><table class="result"><tr class="param"><th>Parameter #1</th></tr><tr class="param stripe"><td>{&quot;runmode&quot;:&quot;Y&quot;,&quot;last_name&quot;:&quot;Thakur&quot;,&quot;first_name&quot;:&quot;Ashish&quot;}</td></tr><tr><th>Exception</th></tr><tr><td><div class="stacktrace">java.lang.AssertionError: The following asserts failed:
	Element not present first_name_xpath
	at keywords.GenericKeywords.assertAll(GenericKeywords.java:152)
	at keywords.GenericKeywords.fail(GenericKeywords.java:143)
	at keywords.GenericKeywords.getElement(GenericKeywords.java:90)
	at keywords.GenericKeywords.type(GenericKeywords.java:65)
	at testcases.CreateLeadTest.createLeadTest(CreateLeadTest.java:44)
	at java.util.ArrayList.forEach(ArrayList.java:1259)
... Removed 33 stack frames</div></td></tr></table><p class="totop"><a href="#summary">back to summary</a></p>
<h3 id="m2">testcases.CreateLeadTest#createLeadTest</h3><table class="result"><tr class="param"><th>Parameter #1</th></tr><tr class="param stripe"><td>{&quot;runmode&quot;:&quot;N&quot;,&quot;last_name&quot;:&quot;Thakur&quot;,&quot;first_name&quot;:&quot;Ashish&quot;}</td></tr><tr><th>Exception</th></tr><tr><td><div class="stacktrace">org.testng.SkipException: Skipping the test as runmode is N
	at keywords.GenericKeywords.skip(GenericKeywords.java:148)
	at testcases.CreateLeadTest.createLeadTest(CreateLeadTest.java:37)
	at java.util.ArrayList.forEach(ArrayList.java:1259)
... Removed 31 stack frames</div></td></tr></table><p class="totop"><a href="#summary">back to summary</a></p>
<h2>Delete Lead Test</h2><h3 id="m3">testcases.DeleteLeadTest#deleteLeadTest</h3><table class="result"><tr class="param"><th>Parameter #1</th></tr><tr class="param stripe"><td>{&quot;runmode&quot;:&quot;Y&quot;,&quot;lead_name&quot;:&quot;Glenn Harner&quot;}</td></tr><tr><th>Exception</th></tr><tr><td><div class="stacktrace">org.openqa.selenium.NoSuchElementException: no such element: Unable to locate element: {&quot;method&quot;:&quot;link text&quot;,&quot;selector&quot;:&quot;Glenn Harner&quot;}
  (Session info: chrome=105.0.5195.127)
For documentation on this error, please visit: https://selenium.dev/exceptions/#no_such_element
Build info: version: &apos;4.0.0-alpha-7&apos;, revision: &apos;de8579b6d5&apos;
System info: host: &apos;DESKTOP-BKVHFCN&apos;, ip: &apos;192.168.1.4&apos;, os.name: &apos;Windows 10&apos;, os.arch: &apos;amd64&apos;, os.version: &apos;10.0&apos;, java.version: &apos;1.8.0_301&apos;
Driver info: org.openqa.selenium.chrome.ChromeDriver
Capabilities {acceptInsecureCerts: false, browserName: chrome, browserVersion: 105.0.5195.127, chrome: {chromedriverVersion: 105.0.5195.52 (412c95e51883..., userDataDir: C:\Users\ABHISH~1\AppData\L...}, goog:chromeOptions: {debuggerAddress: localhost:65492}, javascriptEnabled: true, networkConnectionEnabled: false, pageLoadStrategy: normal, platform: WINDOWS, platformName: WINDOWS, proxy: Proxy(), setWindowRect: true, strictFileInteractability: false, timeouts: {implicit: 0, pageLoad: 300000, script: 30000}, unhandledPromptBehavior: dismiss and notify, webauthn:extension:credBlob: true, webauthn:extension:largeBlob: true, webauthn:virtualAuthenticators: true}
Session ID: 720c8b459ac56f9d89036e7005b26794
*** Element info: {Using=link text, value=Glenn Harner}
	at org.openqa.selenium.remote.codec.w3c.W3CHttpResponseCodec.createException(W3CHttpResponseCodec.java:196)
	at org.openqa.selenium.remote.codec.w3c.W3CHttpResponseCodec.decode(W3CHttpResponseCodec.java:129)
	at org.openqa.selenium.remote.codec.w3c.W3CHttpResponseCodec.decode(W3CHttpResponseCodec.java:53)
	at org.openqa.selenium.remote.HttpCommandExecutor.execute(HttpCommandExecutor.java:167)
	at org.openqa.selenium.remote.service.DriverCommandExecutor.execute(DriverCommandExecutor.java:123)
	at org.openqa.selenium.remote.RemoteWebDriver.execute(RemoteWebDriver.java:501)
	at org.openqa.selenium.remote.RemoteWebDriver.findElement(RemoteWebDriver.java:332)
	at org.openqa.selenium.By$ByLinkText.findElement(By.java:230)
	at org.openqa.selenium.remote.RemoteWebDriver.findElement(RemoteWebDriver.java:312)
	at keywords.ApplicationKeywords.gotoLead(ApplicationKeywords.java:48)
	at testcases.DeleteLeadTest.deleteLeadTest(DeleteLeadTest.java:45)
	at java.util.ArrayList.forEach(ArrayList.java:1259)
... Removed 35 stack frames</div></td></tr></table><p class="totop"><a href="#summary">back to summary</a></p>
</body>
</html>
